c:\users\alex\documents\imageprocessing\capstone2\qip2_gpu\qip2_gpu\debug\.obj\vc120.pdb
c:\users\alex\documents\imageprocessing\capstone2\qip2_gpu\qip2_gpu\debug\.obj\boxfilter.obj
c:\users\alex\documents\imageprocessing\capstone2\qip2_gpu\qip2_gpu\debug\.moc\moc_blur.cpp
c:\users\alex\documents\imageprocessing\capstone2\qip2_gpu\qip2_gpu\debug\.moc\moc_boxfilter.cpp
c:\users\alex\documents\imageprocessing\capstone2\qip2_gpu\qip2_gpu\debug\.moc\moc_clip.cpp
c:\users\alex\documents\imageprocessing\capstone2\qip2_gpu\qip2_gpu\debug\.moc\moc_contrast.cpp
c:\users\alex\documents\imageprocessing\capstone2\qip2_gpu\qip2_gpu\debug\.moc\moc_convolve.cpp
c:\users\alex\documents\imageprocessing\capstone2\qip2_gpu\qip2_gpu\debug\.moc\moc_dummy.cpp
c:\users\alex\documents\imageprocessing\capstone2\qip2_gpu\qip2_gpu\debug\.moc\moc_errdiffusion.cpp
c:\users\alex\documents\imageprocessing\capstone2\qip2_gpu\qip2_gpu\debug\.moc\moc_gamma.cpp
c:\users\alex\documents\imageprocessing\capstone2\qip2_gpu\qip2_gpu\debug\.moc\moc_histomatch.cpp
c:\users\alex\documents\imageprocessing\capstone2\qip2_gpu\qip2_gpu\debug\.moc\moc_histostretch.cpp
c:\users\alex\documents\imageprocessing\capstone2\qip2_gpu\qip2_gpu\debug\.moc\moc_mainwindow.cpp
c:\users\alex\documents\imageprocessing\capstone2\qip2_gpu\qip2_gpu\debug\.moc\moc_median.cpp
c:\users\alex\documents\imageprocessing\capstone2\qip2_gpu\qip2_gpu\debug\.moc\moc_quantize.cpp
c:\users\alex\documents\imageprocessing\capstone2\qip2_gpu\qip2_gpu\debug\.moc\moc_sharpen.cpp
c:\users\alex\documents\imageprocessing\capstone2\qip2_gpu\qip2_gpu\debug\.moc\moc_threshold.cpp
c:\users\alex\documents\imageprocessing\capstone2\qip2_gpu\qip2_gpu\debug\.moc\moc_qcustomplot.cpp
c:\users\alex\documents\imageprocessing\capstone2\qip2_gpu\qip2_gpu\debug\qrc_qip.cpp
c:\users\alex\documents\imageprocessing\capstone2\qip2_gpu\qip2_gpu\debug\qip.ilk
c:\users\alex\documents\imageprocessing\capstone2\qip2_gpu\qip2_gpu\debug\qip.exe
c:\users\alex\documents\imageprocessing\capstone2\qip2_gpu\qip2_gpu\debug\qip.pdb
c:\users\alex\documents\imageprocessing\capstone2\qip2_gpu\qip2_gpu\debug\.obj\blur.obj
c:\users\alex\documents\imageprocessing\capstone2\qip2_gpu\qip2_gpu\debug\.obj\clip.obj
c:\users\alex\documents\imageprocessing\capstone2\qip2_gpu\qip2_gpu\debug\.obj\contrast.obj
c:\users\alex\documents\imageprocessing\capstone2\qip2_gpu\qip2_gpu\debug\.obj\convolve.obj
c:\users\alex\documents\imageprocessing\capstone2\qip2_gpu\qip2_gpu\debug\.obj\dummy.obj
c:\users\alex\documents\imageprocessing\capstone2\qip2_gpu\qip2_gpu\debug\.obj\errdiffusion.obj
c:\users\alex\documents\imageprocessing\capstone2\qip2_gpu\qip2_gpu\debug\.obj\gamma.obj
c:\users\alex\documents\imageprocessing\capstone2\qip2_gpu\qip2_gpu\debug\.obj\glwidget.obj
c:\users\alex\documents\imageprocessing\capstone2\qip2_gpu\qip2_gpu\debug\.obj\histomatch.obj
c:\users\alex\documents\imageprocessing\capstone2\qip2_gpu\qip2_gpu\debug\.obj\histostretch.obj
c:\users\alex\documents\imageprocessing\capstone2\qip2_gpu\qip2_gpu\debug\.obj\imagefilter.obj
c:\users\alex\documents\imageprocessing\capstone2\qip2_gpu\qip2_gpu\debug\.obj\main.obj
c:\users\alex\documents\imageprocessing\capstone2\qip2_gpu\qip2_gpu\debug\.obj\mainwindow.obj
c:\users\alex\documents\imageprocessing\capstone2\qip2_gpu\qip2_gpu\debug\.obj\median.obj
c:\users\alex\documents\imageprocessing\capstone2\qip2_gpu\qip2_gpu\debug\.obj\moc_blur.obj
c:\users\alex\documents\imageprocessing\capstone2\qip2_gpu\qip2_gpu\debug\.obj\moc_boxfilter.obj
c:\users\alex\documents\imageprocessing\capstone2\qip2_gpu\qip2_gpu\debug\.obj\moc_clip.obj
c:\users\alex\documents\imageprocessing\capstone2\qip2_gpu\qip2_gpu\debug\.obj\moc_contrast.obj
c:\users\alex\documents\imageprocessing\capstone2\qip2_gpu\qip2_gpu\debug\.obj\moc_convolve.obj
c:\users\alex\documents\imageprocessing\capstone2\qip2_gpu\qip2_gpu\debug\.obj\moc_dummy.obj
c:\users\alex\documents\imageprocessing\capstone2\qip2_gpu\qip2_gpu\debug\.obj\moc_errdiffusion.obj
c:\users\alex\documents\imageprocessing\capstone2\qip2_gpu\qip2_gpu\debug\.obj\moc_gamma.obj
c:\users\alex\documents\imageprocessing\capstone2\qip2_gpu\qip2_gpu\debug\.obj\moc_histomatch.obj
c:\users\alex\documents\imageprocessing\capstone2\qip2_gpu\qip2_gpu\debug\.obj\moc_histostretch.obj
c:\users\alex\documents\imageprocessing\capstone2\qip2_gpu\qip2_gpu\debug\.obj\moc_mainwindow.obj
c:\users\alex\documents\imageprocessing\capstone2\qip2_gpu\qip2_gpu\debug\.obj\moc_median.obj
c:\users\alex\documents\imageprocessing\capstone2\qip2_gpu\qip2_gpu\debug\.obj\moc_qcustomplot.obj
c:\users\alex\documents\imageprocessing\capstone2\qip2_gpu\qip2_gpu\debug\.obj\moc_quantize.obj
c:\users\alex\documents\imageprocessing\capstone2\qip2_gpu\qip2_gpu\debug\.obj\moc_sharpen.obj
c:\users\alex\documents\imageprocessing\capstone2\qip2_gpu\qip2_gpu\debug\.obj\moc_threshold.obj
c:\users\alex\documents\imageprocessing\capstone2\qip2_gpu\qip2_gpu\debug\.obj\qcustomplot.obj
c:\users\alex\documents\imageprocessing\capstone2\qip2_gpu\qip2_gpu\debug\.obj\qrc_qip.obj
c:\users\alex\documents\imageprocessing\capstone2\qip2_gpu\qip2_gpu\debug\.obj\quantize.obj
c:\users\alex\documents\imageprocessing\capstone2\qip2_gpu\qip2_gpu\debug\.obj\sharpen.obj
c:\users\alex\documents\imageprocessing\capstone2\qip2_gpu\qip2_gpu\debug\.obj\threshold.obj
c:\users\alex\documents\imageprocessing\capstone2\qip2_gpu\qip2_gpu\debug\.obj\qip.tlog\cl.command.1.tlog
c:\users\alex\documents\imageprocessing\capstone2\qip2_gpu\qip2_gpu\debug\.obj\qip.tlog\cl.read.1.tlog
c:\users\alex\documents\imageprocessing\capstone2\qip2_gpu\qip2_gpu\debug\.obj\qip.tlog\cl.write.1.tlog
c:\users\alex\documents\imageprocessing\capstone2\qip2_gpu\qip2_gpu\debug\.obj\qip.tlog\custombuild.command.1.tlog
c:\users\alex\documents\imageprocessing\capstone2\qip2_gpu\qip2_gpu\debug\.obj\qip.tlog\custombuild.read.1.tlog
c:\users\alex\documents\imageprocessing\capstone2\qip2_gpu\qip2_gpu\debug\.obj\qip.tlog\custombuild.write.1.tlog
c:\users\alex\documents\imageprocessing\capstone2\qip2_gpu\qip2_gpu\debug\.obj\qip.tlog\link.command.1.tlog
c:\users\alex\documents\imageprocessing\capstone2\qip2_gpu\qip2_gpu\debug\.obj\qip.tlog\link.read.1.tlog
c:\users\alex\documents\imageprocessing\capstone2\qip2_gpu\qip2_gpu\debug\.obj\qip.tlog\link.write.1.tlog
